# JRE version: Java(TM) SE Runtime Environment (8.0_171-b11) (build 1.8.0_171-b11)
# Java VM: Java HotSpot(TM) 64-Bit Server VM (25.171-b11 mixed mode windows-amd64 compressed oops)
Heap:
 PSYoungGen      total 233984K, used 81871K [0x00000000d5c00000, 0x00000000e8d00000, 0x0000000100000000)
  eden space 219648K, 30% used [0x00000000d5c00000,0x00000000d9df7468,0x00000000e3280000)
  from space 14336K, 99% used [0x00000000e3280000,0x00000000e407cb80,0x00000000e4080000)
  to   space 18944K, 0% used [0x00000000e7a80000,0x00000000e7a80000,0x00000000e8d00000)
 ParOldGen       total 92672K, used 26528K [0x0000000081400000, 0x0000000086e80000, 0x00000000d5c00000)
  object space 92672K, 28% used [0x0000000081400000,0x0000000082de82f8,0x0000000086e80000)
 Metaspace       used 53695K, capacity 55664K, committed 55768K, reserved 1097728K
  class space    used 7016K, capacity 7386K, committed 7424K, reserved 1048576K
GC Heap History (10 events):
Event: 13.279 GC heap before
{Heap before GC invocations=9 (full 1):
 PSYoungGen      total 138240K, used 110159K [0x00000000d5c00000, 0x00000000e1d80000, 0x0000000100000000)
  eden space 128512K, 78% used [0x00000000d5c00000,0x00000000dbe75ce8,0x00000000dd980000)
  from space 9728K, 95% used [0x00000000dd980000,0x00000000de29e248,0x00000000de300000)
  to   space 10752K, 0% used [0x00000000e1300000,0x00000000e1300000,0x00000000e1d80000)
 ParOldGen       total 58880K, used 9041K [0x0000000081400000, 0x0000000084d80000, 0x00000000d5c00000)
  object space 58880K, 15% used [0x0000000081400000,0x0000000081cd4750,0x0000000084d80000)
 Metaspace       used 34031K, capacity 35284K, committed 35416K, reserved 1079296K
  class space    used 4409K, capacity 4640K, committed 4736K, reserved 1048576K
Event: 13.307 GC heap after
Heap after GC invocations=9 (full 1):
 PSYoungGen      total 185856K, used 10728K [0x00000000d5c00000, 0x00000000e3e80000, 0x0000000100000000)
  eden space 175104K, 0% used [0x00000000d5c00000,0x00000000d5c00000,0x00000000e0700000)
  from space 10752K, 99% used [0x00000000e1300000,0x00000000e1d7a278,0x00000000e1d80000)
  to   space 12288K, 0% used [0x00000000e0700000,0x00000000e0700000,0x00000000e1300000)
 ParOldGen       total 58880K, used 9479K [0x0000000081400000, 0x0000000084d80000, 0x00000000d5c00000)
  object space 58880K, 16% used [0x0000000081400000,0x0000000081d41fc8,0x0000000084d80000)
 Metaspace       used 34031K, capacity 35284K, committed 35416K, reserved 1079296K
  class space    used 4409K, capacity 4640K, committed 4736K, reserved 1048576K
}
Event: 13.307 GC heap before
{Heap before GC invocations=10 (full 2):
 PSYoungGen      total 185856K, used 10728K [0x00000000d5c00000, 0x00000000e3e80000, 0x0000000100000000)
  eden space 175104K, 0% used [0x00000000d5c00000,0x00000000d5c00000,0x00000000e0700000)
  from space 10752K, 99% used [0x00000000e1300000,0x00000000e1d7a278,0x00000000e1d80000)
  to   space 12288K, 0% used [0x00000000e0700000,0x00000000e0700000,0x00000000e1300000)
 ParOldGen       total 58880K, used 9479K [0x0000000081400000, 0x0000000084d80000, 0x00000000d5c00000)
  object space 58880K, 16% used [0x0000000081400000,0x0000000081d41fc8,0x0000000084d80000)
 Metaspace       used 34031K, capacity 35284K, committed 35416K, reserved 1079296K
  class space    used 4409K, capacity 4640K, committed 4736K, reserved 1048576K
Event: 13.445 GC heap after
Heap after GC invocations=10 (full 2):
 PSYoungGen      total 185856K, used 0K [0x00000000d5c00000, 0x00000000e3e80000, 0x0000000100000000)
  eden space 175104K, 0% used [0x00000000d5c00000,0x00000000d5c00000,0x00000000e0700000)
  from space 10752K, 0% used [0x00000000e1300000,0x00000000e1300000,0x00000000e1d80000)
  to   space 12288K, 0% used [0x00000000e0700000,0x00000000e0700000,0x00000000e1300000)
 ParOldGen       total 92672K, used 19046K [0x0000000081400000, 0x0000000086e80000, 0x00000000d5c00000)
  object space 92672K, 20% used [0x0000000081400000,0x0000000082699818,0x0000000086e80000)
 Metaspace       used 34031K, capacity 35284K, committed 35416K, reserved 1079296K
  class space    used 4409K, capacity 4640K, committed 4736K, reserved 1048576K
}
Event: 17.365 GC heap before
{Heap before GC invocations=11 (full 2):
 PSYoungGen      total 185856K, used 175104K [0x00000000d5c00000, 0x00000000e3e80000, 0x0000000100000000)
  eden space 175104K, 100% used [0x00000000d5c00000,0x00000000e0700000,0x00000000e0700000)
  from space 10752K, 0% used [0x00000000e1300000,0x00000000e1300000,0x00000000e1d80000)
  to   space 12288K, 0% used [0x00000000e0700000,0x00000000e0700000,0x00000000e1300000)
 ParOldGen       total 92672K, used 19046K [0x0000000081400000, 0x0000000086e80000, 0x00000000d5c00000)
  object space 92672K, 20% used [0x0000000081400000,0x0000000082699818,0x0000000086e80000)
 Metaspace       used 38190K, capacity 39582K, committed 39768K, reserved 1083392K
  class space    used 4903K, capacity 5177K, committed 5248K, reserved 1048576K
Event: 17.395 GC heap after
Heap after GC invocations=11 (full 2):
 PSYoungGen      total 187392K, used 9056K [0x00000000d5c00000, 0x00000000e4d00000, 0x0000000100000000)
  eden space 175104K, 0% used [0x00000000d5c00000,0x00000000d5c00000,0x00000000e0700000)
  from space 12288K, 73% used [0x00000000e0700000,0x00000000e0fd8098,0x00000000e1300000)
  to   space 12800K, 0% used [0x00000000e4080000,0x00000000e4080000,0x00000000e4d00000)
 ParOldGen       total 92672K, used 19054K [0x0000000081400000, 0x0000000086e80000, 0x00000000d5c00000)
  object space 92672K, 20% used [0x0000000081400000,0x000000008269b818,0x0000000086e80000)
 Metaspace       used 38190K, capacity 39582K, committed 39768K, reserved 1083392K
  class space    used 4903K, capacity 5177K, committed 5248K, reserved 1048576K
}
Event: 20.660 GC heap before
{Heap before GC invocations=12 (full 2):
 PSYoungGen      total 187392K, used 184160K [0x00000000d5c00000, 0x00000000e4d00000, 0x0000000100000000)
  eden space 175104K, 100% used [0x00000000d5c00000,0x00000000e0700000,0x00000000e0700000)
  from space 12288K, 73% used [0x00000000e0700000,0x00000000e0fd8098,0x00000000e1300000)
  to   space 12800K, 0% used [0x00000000e4080000,0x00000000e4080000,0x00000000e4d00000)
 ParOldGen       total 92672K, used 19054K [0x0000000081400000, 0x0000000086e80000, 0x00000000d5c00000)
  object space 92672K, 20% used [0x0000000081400000,0x000000008269b818,0x0000000086e80000)
 Metaspace       used 40600K, capacity 42228K, committed 42456K, reserved 1085440K
  class space    used 5228K, capacity 5530K, committed 5632K, reserved 1048576K
Event: 20.727 GC heap after
Heap after GC invocations=12 (full 2):
 PSYoungGen      total 232448K, used 12775K [0x00000000d5c00000, 0x00000000e5500000, 0x0000000100000000)
  eden space 219648K, 0% used [0x00000000d5c00000,0x00000000d5c00000,0x00000000e3280000)
  from space 12800K, 99% used [0x00000000e4080000,0x00000000e4cf9ed8,0x00000000e4d00000)
  to   space 14336K, 0% used [0x00000000e3280000,0x00000000e3280000,0x00000000e4080000)
 ParOldGen       total 92672K, used 19445K [0x0000000081400000, 0x0000000086e80000, 0x00000000d5c00000)
  object space 92672K, 20% used [0x0000000081400000,0x00000000826fd710,0x0000000086e80000)
 Metaspace       used 40600K, capacity 42228K, committed 42456K, reserved 1085440K
  class space    used 5228K, capacity 5530K, committed 5632K, reserved 1048576K
}
Event: 322.627 GC heap before
{Heap before GC invocations=13 (full 2):
 PSYoungGen      total 232448K, used 232423K [0x00000000d5c00000, 0x00000000e5500000, 0x0000000100000000)
  eden space 219648K, 100% used [0x00000000d5c00000,0x00000000e3280000,0x00000000e3280000)
  from space 12800K, 99% used [0x00000000e4080000,0x00000000e4cf9ed8,0x00000000e4d00000)
  to   space 14336K, 0% used [0x00000000e3280000,0x00000000e3280000,0x00000000e4080000)
 ParOldGen       total 92672K, used 19445K [0x0000000081400000, 0x0000000086e80000, 0x00000000d5c00000)
  object space 92672K, 20% used [0x0000000081400000,0x00000000826fd710,0x0000000086e80000)
 Metaspace       used 51129K, capacity 52916K, committed 53080K, reserved 1095680K
  class space    used 6653K, capacity 6968K, committed 7040K, reserved 1048576K
Event: 322.670 GC heap after
Heap after GC invocations=13 (full 2):
 PSYoungGen      total 233984K, used 14322K [0x00000000d5c00000, 0x00000000e8d00000, 0x0000000100000000)
  eden space 219648K, 0% used [0x00000000d5c00000,0x00000000d5c00000,0x00000000e3280000)
  from space 14336K, 99% used [0x00000000e3280000,0x00000000e407cb80,0x00000000e4080000)
  to   space 18944K, 0% used [0x00000000e7a80000,0x00000000e7a80000,0x00000000e8d00000)
 ParOldGen       total 92672K, used 26528K [0x0000000081400000, 0x0000000086e80000, 0x00000000d5c00000)
  object space 92672K, 28% used [0x0000000081400000,0x0000000082de82f8,0x0000000086e80000)
 Metaspace       used 51129K, capacity 52916K, committed 53080K, reserved 1095680K
  class space    used 6653K, capacity 6968K, committed 7040K, reserved 1048576K
}

